<?xml version="1.0" encoding="UTF-8"?>
<!-- Generated by org.testng.reporters.JUnitXMLReporter -->
<testsuite hostname="hass-MBP" ignored="0" name="Default test" tests="2" failures="0" timestamp="13 Sep 2018 00:22:46 GMT" time="0.038" errors="0">
  <testcase name="firstTestMethod" time="0.011" classname="com.tutorial.testng.parallel.TestTagInParallel"/>
  <testcase name="secondTestMethod" time="0.002" classname="com.tutorial.testng.parallel.TestTagInParallel"/>
</testsuite> <!-- Default test -->
