<?xml version="1.0" encoding="UTF-8"?>
<testng-results skipped="0" failed="0" ignored="0" total="2" passed="2">
  <reporter-output>
  </reporter-output>
  <suite name="Default suite" duration-ms="38" started-at="2018-09-13T00:22:46Z" finished-at="2018-09-13T00:22:46Z">
    <groups>
    </groups>
    <test name="Default test" duration-ms="38" started-at="2018-09-13T00:22:46Z" finished-at="2018-09-13T00:22:46Z">
      <class name="com.tutorial.testng.parallel.TestTagInParallel">
        <test-method status="PASS" signature="firstTestMethod()[pri:0, instance:com.tutorial.testng.parallel.TestTagInParallel@6d00a15d]" name="firstTestMethod" duration-ms="11" started-at="2018-09-13T00:22:46Z" finished-at="2018-09-13T00:22:46Z">
          <reporter-output>
          </reporter-output>
        </test-method> <!-- firstTestMethod -->
        <test-method status="PASS" signature="secondTestMethod()[pri:0, instance:com.tutorial.testng.parallel.TestTagInParallel@6d00a15d]" name="secondTestMethod" duration-ms="2" started-at="2018-09-13T00:22:46Z" finished-at="2018-09-13T00:22:46Z">
          <reporter-output>
          </reporter-output>
        </test-method> <!-- secondTestMethod -->
      </class> <!-- com.tutorial.testng.parallel.TestTagInParallel -->
    </test> <!-- Default test -->
  </suite> <!-- Default suite -->
</testng-results>
