<?xml version="1.0" encoding="UTF-8"?>
<!-- Generated by org.testng.reporters.JUnitXMLReporter -->
<testsuite hostname="hass-MBP" ignored="0" name="Test" tests="4" failures="0" timestamp="13 Sep 2018 00:15:33 GMT" time="0.055" errors="0">
  <testcase name="firstTestMethod" time="0.014" classname="com.tutorial.testng.parallel.ClassInParallelOne"/>
  <testcase name="secondTestMethod" time="0.002" classname="com.tutorial.testng.parallel.ClassInParallelOne"/>
  <testcase name="firstTestMethod" time="0.002" classname="com.tutorial.testng.parallel.ClassInParallelTwo"/>
  <testcase name="secondTestMethod" time="0.002" classname="com.tutorial.testng.parallel.ClassInParallelTwo"/>
</testsuite> <!-- Test -->
